<?xml version="1.0" encoding="UTF-8"?>
<!-- Generated by org.testng.reporters.JUnitReportReporter -->
<testsuite skipped="0" hostname="goswami-Lenovo-ideapad-520-15IKB" name="com.test.filehandling.Apache_Config" tests="1" failures="0" timestamp="27 Dec 2017 06:00:46 GMT" time="81.639" errors="0">
  <testcase name="readApacheConfig" time="81.639" classname="com.test.filehandling.Apache_Config"/>
</testsuite> <!-- com.test.filehandling.Apache_Config -->
