<?xml version="1.0" encoding="UTF-8"?>
<!-- Generated by org.testng.reporters.JUnitReportReporter -->
<testsuite skipped="0" hostname="goswami-Lenovo-ideapad-520-15IKB" name="com.test.filehandling.Apache_Config" tests="1" failures="0" timestamp="15 Jan 2018 12:15:50 GMT" time="19.587" errors="0">
  <testcase name="readApacheConfig" time="19.587" classname="com.test.filehandling.Apache_Config"/>
</testsuite> <!-- com.test.filehandling.Apache_Config -->
